20-04-2020 22:05:06   INFO     



20-04-2020 22:05:06   INFO     Program started
20-04-2020 22:05:10   INFO     Internet is on
20-04-2020 22:05:13   INFO     Started posting sensor readings
20-04-2020 22:13:41   INFO     



20-04-2020 22:13:41   INFO     Program started
20-04-2020 22:13:45   INFO     Internet is on
20-04-2020 22:13:48   INFO     Started posting sensor readings
20-04-2020 22:14:38   INFO     



20-04-2020 22:14:38   INFO     Program started
20-04-2020 22:14:41   INFO     Internet is on
20-04-2020 22:14:44   INFO     Started posting sensor readings
20-04-2020 22:17:28   INFO     



20-04-2020 22:17:28   INFO     Program started
20-04-2020 22:17:31   INFO     Internet is on
20-04-2020 22:17:35   INFO     Started posting sensor readings
21-04-2020 22:49:16   INFO     Internet is on
21-04-2020 22:49:19   INFO     Started posting sensor readings
21-04-2020 23:37:10   INFO     Internet is on
21-04-2020 23:37:13   INFO     Started posting sensor readings
22-04-2020 04:00:06   ERROR    POST request failed: 
22-04-2020 04:00:06   ERROR    HTTPSConnectionPool(host='www.math.foodonya.com', port=443): Read timed out. (read timeout=10)
22-04-2020 04:00:10   INFO     Will reconnect...


22-04-2020 04:00:14   INFO     Internet is on
22-04-2020 04:00:17   INFO     Started posting sensor readings
22-04-2020 04:48:31   ERROR    POST request failed: 
22-04-2020 04:48:31   ERROR    HTTPSConnectionPool(host='www.math.foodonya.com', port=443): Read timed out. (read timeout=10)
22-04-2020 04:48:34   INFO     Will reconnect...


22-04-2020 04:48:38   INFO     Internet is on
22-04-2020 04:48:41   INFO     Started posting sensor readings
22-04-2020 13:18:05   INFO     



22-04-2020 13:18:05   INFO     Program started
22-04-2020 13:18:09   INFO     Internet is on
22-04-2020 13:18:12   INFO     Started posting sensor readings
22-04-2020 13:19:34   INFO     



22-04-2020 13:19:34   INFO     Program started
22-04-2020 13:19:38   INFO     Internet is on
22-04-2020 13:19:41   INFO     Started posting sensor readings
22-04-2020 13:21:24   INFO     



22-04-2020 13:21:24   INFO     Program started
22-04-2020 13:21:28   INFO     Internet is on
22-04-2020 13:21:31   INFO     Started posting sensor readings
22-04-2020 13:28:57   INFO     



22-04-2020 13:28:57   INFO     Program started
22-04-2020 13:29:01   INFO     Internet is on
22-04-2020 13:29:04   INFO     Started posting sensor readings
22-04-2020 13:36:06   INFO     



22-04-2020 13:36:06   INFO     Program started
22-04-2020 13:36:10   INFO     Internet is on
22-04-2020 13:36:12   INFO     Started posting sensor readings
22-04-2020 13:36:54   INFO     



22-04-2020 13:36:54   INFO     Program started
22-04-2020 13:36:58   INFO     Internet is on
22-04-2020 13:37:02   INFO     Started posting sensor readings
22-04-2020 13:37:03   INFO     



22-04-2020 13:37:03   INFO     Program started
22-04-2020 13:37:07   INFO     Internet is on
22-04-2020 13:37:30   INFO     Started posting sensor readings
22-04-2020 13:45:13   INFO     



22-04-2020 13:45:13   INFO     Program started
22-04-2020 13:45:17   INFO     Internet is on
22-04-2020 13:45:20   INFO     Started posting sensor readings
22-04-2020 13:51:57   INFO     



22-04-2020 13:51:57   INFO     Program started
22-04-2020 13:52:00   INFO     Internet is on
22-04-2020 13:52:03   INFO     Started posting sensor readings
22-04-2020 13:54:11   INFO     



22-04-2020 13:54:11   INFO     Program started
22-04-2020 13:54:15   INFO     Internet is on
22-04-2020 13:54:18   INFO     Started posting sensor readings
22-04-2020 13:55:36   INFO     



22-04-2020 13:55:36   INFO     Program started
22-04-2020 13:55:40   INFO     Internet is on
22-04-2020 13:55:43   INFO     Started posting sensor readings
22-04-2020 13:57:28   INFO     



22-04-2020 13:57:28   INFO     Program started
22-04-2020 13:57:32   INFO     Internet is on
22-04-2020 13:57:35   INFO     Started posting sensor readings
22-04-2020 13:59:35   INFO     



22-04-2020 13:59:35   INFO     Program started
22-04-2020 13:59:39   INFO     Internet is on
22-04-2020 13:59:42   INFO     Started posting sensor readings
